<?xml version="1.0" encoding="UTF-8" ?>
<testsuite tests="1" failures="0" name="com.liuxj.example.AppTest" time="0.01" errors="0" skipped="0">
  <properties>
    <property name="idea.version" value="2016.3.5"/>
    <property name="java.runtime.name" value="Java(TM) SE Runtime Environment"/>
    <property name="sun.boot.library.path" value="D:\Program Files\Java\jdk1.8.0_77\jre\bin"/>
    <property name="java.vm.version" value="25.77-b03"/>
    <property name="java.vm.vendor" value="Oracle Corporation"/>
    <property name="maven.multiModuleProjectDirectory" value="F:\personal\IdeaProjects\myproject\maven_quickstart"/>
    <property name="java.vendor.url" value="http://java.oracle.com/"/>
    <property name="path.separator" value=";"/>
    <property name="guice.disable.misplaced.annotation.check" value="true"/>
    <property name="java.vm.name" value="Java HotSpot(TM) 64-Bit Server VM"/>
    <property name="file.encoding.pkg" value="sun.io"/>
    <property name="idea.launcher.port" value="7536"/>
    <property name="user.script" value=""/>
    <property name="user.country" value="CN"/>
    <property name="sun.java.launcher" value="SUN_STANDARD"/>
    <property name="sun.os.patch.level" value=""/>
    <property name="java.vm.specification.name" value="Java Virtual Machine Specification"/>
    <property name="user.dir" value="F:\personal\IdeaProjects\myproject\maven_quickstart"/>
    <property name="java.runtime.version" value="1.8.0_77-b03"/>
    <property name="java.awt.graphicsenv" value="sun.awt.Win32GraphicsEnvironment"/>
    <property name="java.endorsed.dirs" value="D:\Program Files\Java\jdk1.8.0_77\jre\lib\endorsed"/>
    <property name="os.arch" value="amd64"/>
    <property name="java.io.tmpdir" value="C:\Users\l\AppData\Local\Temp\"/>
    <property name="line.separator" value="
"/>
    <property name="java.vm.specification.vendor" value="Oracle Corporation"/>
    <property name="user.variant" value=""/>
    <property name="os.name" value="Windows 10"/>
    <property name="classworlds.conf" value="F:\personal\lab_base\maven\apache-maven-3.5.0\bin\m2.conf"/>
    <property name="sun.jnu.encoding" value="GBK"/>
    <property name="java.library.path" value="D:\Program Files\Java\jdk1.8.0_77\bin;C:\WINDOWS\Sun\Java\bin;C:\WINDOWS\system32;C:\WINDOWS;D:\Java\jdk1.7.0_51\BIN;C:\PROGRAMDATA\ORACLE\JAVA\JAVAPATH;D:\ORACLE\PRODUCT\10.2.0\DB_1\BIN;C:\WINDOWS\SYSTEM32;C:\WINDOWS;C:\WINDOWS\SYSTEM32\WBEM;C:\WINDOWS\SYSTEM32\WINDOWSPOWERSHELL\V1.0\;D:\PROGRAM FILES\TORTOISESVN\BIN;C:\PROGRAM FILES\GIT\CMD;F:\PROGRAM FILES (X86)\CALIBRE2\;E:\ADSERVER\PHP;E:\ADSERVER\PHP\EXT;F:\PROGRAM FILES\NODEJS\;C:\Program Files\Lenovo\Bluetooth Software\;C:\Program Files\Lenovo\Bluetooth Software\syswow64;C:\Python27\Scripts;C:\Python27;C:\Program Files\Git\cmd;F:\personal\lab_base\maven\apache-maven-3.5.0\bin;C:\WINDOWS\system32;C:\WINDOWS;C:\WINDOWS\System32\Wbem;C:\WINDOWS\System32\WindowsPowerShell\v1.0\;C:\Users\l\AppData\Local\Microsoft\WindowsApps;C:\Users\l\AppData\Roaming\npm;C:\Users\l\AppData\Local\atom\bin;F:\Program Files (x86)\Microsoft VS Code\bin;C:\Users\l\AppData\Local\Microsoft\WindowsApps;;."/>
    <property name="maven.conf" value="F:\personal\lab_base\maven\apache-maven-3.5.0/conf"/>
    <property name="java.specification.name" value="Java Platform API Specification"/>
    <property name="java.class.version" value="52.0"/>
    <property name="sun.management.compiler" value="HotSpot 64-Bit Tiered Compilers"/>
    <property name="os.version" value="10.0"/>
    <property name="library.jansi.path" value="F:\personal\lab_base\maven\apache-maven-3.5.0\lib\jansi-native\windows64"/>
    <property name="user.home" value="C:\Users\l"/>
    <property name="user.timezone" value="Asia/Shanghai"/>
    <property name="java.awt.printerjob" value="sun.awt.windows.WPrinterJob"/>
    <property name="java.specification.version" value="1.8"/>
    <property name="idea.launcher.bin.path" value="F:\personal\software\ideaIU-2016.3.5.win\bin"/>
    <property name="file.encoding" value="UTF-8"/>
    <property name="user.name" value="liuxj"/>
    <property name="java.class.path" value="F:\personal\lab_base\maven\apache-maven-3.5.0\boot\plexus-classworlds-2.5.2.jar;F:\personal\software\ideaIU-2016.3.5.win\lib\idea_rt.jar"/>
    <property name="java.vm.specification.version" value="1.8"/>
    <property name="sun.arch.data.model" value="64"/>
    <property name="java.home" value="D:\Program Files\Java\jdk1.8.0_77\jre"/>
    <property name="sun.java.command" value="com.intellij.rt.execution.application.AppMain org.codehaus.classworlds.Launcher -Didea.version=2016.3.5 package"/>
    <property name="java.specification.vendor" value="Oracle Corporation"/>
    <property name="user.language" value="zh"/>
    <property name="awt.toolkit" value="sun.awt.windows.WToolkit"/>
    <property name="java.vm.info" value="mixed mode"/>
    <property name="java.version" value="1.8.0_77"/>
    <property name="java.ext.dirs" value="D:\Program Files\Java\jdk1.8.0_77\jre\lib\ext;C:\WINDOWS\Sun\Java\lib\ext"/>
    <property name="sun.boot.class.path" value="D:\Program Files\Java\jdk1.8.0_77\jre\lib\resources.jar;D:\Program Files\Java\jdk1.8.0_77\jre\lib\rt.jar;D:\Program Files\Java\jdk1.8.0_77\jre\lib\sunrsasign.jar;D:\Program Files\Java\jdk1.8.0_77\jre\lib\jsse.jar;D:\Program Files\Java\jdk1.8.0_77\jre\lib\jce.jar;D:\Program Files\Java\jdk1.8.0_77\jre\lib\charsets.jar;D:\Program Files\Java\jdk1.8.0_77\jre\lib\jfr.jar;D:\Program Files\Java\jdk1.8.0_77\jre\classes"/>
    <property name="java.vendor" value="Oracle Corporation"/>
    <property name="maven.home" value="F:\personal\lab_base\maven\apache-maven-3.5.0"/>
    <property name="file.separator" value="\"/>
    <property name="java.vendor.url.bug" value="http://bugreport.sun.com/bugreport/"/>
    <property name="sun.cpu.endian" value="little"/>
    <property name="sun.io.unicode.encoding" value="UnicodeLittle"/>
    <property name="sun.desktop" value="windows"/>
    <property name="sun.cpu.isalist" value="amd64"/>
  </properties>
  <testcase classname="com.liuxj.example.AppTest" name="testApp" time="0.01"/>
</testsuite>